<?xml version="1.0" encoding="UTF-8"?>
<testng-results ignored="0" total="1" passed="1" failed="0" skipped="0">
  <reporter-output>
  </reporter-output>
  <suite started-at="2022-10-20T17:20:18 WIB" name="Default suite" finished-at="2022-10-20T17:20:39 WIB" duration-ms="20764">
    <groups>
      <group name="cucumber">
        <method signature="AbstractTestNGCucumberTests.runScenario(io.cucumber.testng.PickleWrapper, io.cucumber.testng.FeatureWrapper)[pri:0, instance:runnerFIle.RunnerFiles@47d90b9e]" name="runScenario" class="io.cucumber.testng.AbstractTestNGCucumberTests"/>
      </group> <!-- cucumber -->
    </groups>
    <test started-at="2022-10-20T17:20:18 WIB" name="Default test" finished-at="2022-10-20T17:20:39 WIB" duration-ms="20764">
      <class name="runnerFIle.RunnerFiles">
        <test-method is-config="true" signature="setUpClass()[pri:0, instance:runnerFIle.RunnerFiles@47d90b9e]" started-at="2022-10-20T17:20:19 WIB" name="setUpClass" finished-at="2022-10-20T17:20:19 WIB" duration-ms="527" status="PASS">
          <reporter-output>
          </reporter-output>
        </test-method> <!-- setUpClass -->
        <test-method signature="runScenario(io.cucumber.testng.PickleWrapper, io.cucumber.testng.FeatureWrapper)[pri:0, instance:runnerFIle.RunnerFiles@47d90b9e]" started-at="2022-10-20T17:20:19 WIB" name="runScenario" description="Runs Cucumber Scenarios" data-provider="scenarios" finished-at="2022-10-20T17:20:39 WIB" duration-ms="19962" status="PASS">
          <params>
            <param index="0">
              <value>
                <![CDATA["Search a Product to Known that Stock"]]>
              </value>
            </param>
            <param index="1">
              <value>
                <![CDATA["Check Product Stock"]]>
              </value>
            </param>
          </params>
          <reporter-output>
          </reporter-output>
        </test-method> <!-- runScenario -->
        <test-method is-config="true" signature="tearDownClass()[pri:0, instance:runnerFIle.RunnerFiles@47d90b9e]" started-at="2022-10-20T17:20:39 WIB" name="tearDownClass" finished-at="2022-10-20T17:20:39 WIB" duration-ms="204" status="PASS">
          <reporter-output>
          </reporter-output>
        </test-method> <!-- tearDownClass -->
      </class> <!-- runnerFIle.RunnerFiles -->
    </test> <!-- Default test -->
  </suite> <!-- Default suite -->
</testng-results>
